===============PARAMETERS===============
Cache size:              32768               
Set size:                16                  
History size             4                   
Range size               32                  

==================LOGS==================
Total fetches            6.2071291123e+10    
Unique addresses:        1.1231940000e+07    
Max write count:         65031               
Average write count:     21                  
WB due to write op:      2.3688035100e+08    
WB due to wcHH:          3.0928901300e+08    
Total WB to MM:          5.4616936400e+08    
Total cache misses:      3.3312201530e+09    
Total cache hits:        5.8740070970e+10    
Total reads:             4.9065033200e+10    
Total writes:            1.3006257923e+10    

=================RESULTS================
Correct predictions:     3.1925721320e+09    
Total predictions:       3.3312201530e+09    
Coverage:                95.84               
