===============PARAMETERS===============
Cache size:              32768               
Set size:                16                  
History size             1                   
Range size               1                   

==================LOGS==================
Total fetches            6.2071291122e+10    
Unique addresses:        1.1231971000e+07    
Max write count:         64884               
Average write count:     21                  
WB due to write op:      2.3687891800e+08    
WB due to wcHH:          3.1016699000e+08    
Total WB to MM:          5.4704590800e+08    
Total cache misses:      3.3362462260e+09    
Total cache hits:        5.8735044896e+10    
Total reads:             4.9065033199e+10    
Total writes:            1.3006257923e+10    

=================RESULTS================
Correct predictions:     2.8003915700e+09    
Total predictions:       3.3362462260e+09    
Coverage:                83.94               
