===============PARAMETERS===============
Cache size:              32768               
Set size:                16                  
History size             1                   
Range size               1                   

==================LOGS==================
Total fetches            4.4456717442e+11    
Unique addresses:        6.9077541000e+07    
Max write count:         84490               
Average write count:     31                  
WB due to write op:      2.1436718900e+09    
WB due to wcHH:          2.2268335387e+10    
Total WB to MM:          2.4412007277e+10    
Total cache misses:      2.4412040059e+10    
Total cache hits:        4.2015513436e+11    
Total reads:             3.3949434605e+11    
Total writes:            1.0507282837e+11    

=================RESULTS================
Correct predictions:     1.6798386553e+10    
Total predictions:       2.4412040059e+10    
Coverage:                68.81               
