===============PARAMETERS===============
Cache size:              32768               
Set size:                16                  
History size             1                   
Range size               16                  

==================LOGS==================
Total fetches            6.2071291122e+10    
Unique addresses:        1.1231736000e+07    
Max write count:         49659               
Average write count:     21                  
WB due to write op:      2.3687323500e+08    
WB due to wcHH:          0.0000000000e+00    
Total WB to MM:          2.3687323500e+08    
Total cache misses:      3.3141484400e+09    
Total cache hits:        5.8757142682e+10    
Total reads:             4.9065033199e+10    
Total writes:            1.3006257923e+10    

=================RESULTS================
Correct predictions:     1.7076671690e+09    
Total predictions:       3.3141484400e+09    
Coverage:                51.53               
