===============PARAMETERS===============
Cache size:              32768               
Set size:                16                  
History size             4                   
Range size               16                  

==================LOGS==================
Total fetches            6.2071291122e+10    
Unique addresses:        1.1234163000e+07    
Max write count:         53795               
Average write count:     21                  
WB due to write op:      2.3693433500e+08    
WB due to wcHH:          3.0858784820e+09    
Total WB to MM:          3.3228128170e+09    
Total cache misses:      3.3228455910e+09    
Total cache hits:        5.8748445531e+10    
Total reads:             4.9065033199e+10    
Total writes:            1.3006257923e+10    

=================RESULTS================
Correct predictions:     3.1851009370e+09    
Total predictions:       3.3228455910e+09    
Coverage:                95.85               
