===============PARAMETERS===============
Cache size:              32768               
Set size:                16                  
History size             1                   
Range size               16                  

==================LOGS==================
Total fetches            6.2071291082e+10    
Unique addresses:        1.1234166000e+07    
Max write count:         59053               
Average write count:     21                  
WB due to write op:      2.3685930700e+08    
WB due to wcHH:          3.0933427180e+09    
Total WB to MM:          3.3302020250e+09    
Total cache misses:      3.3302348020e+09    
Total cache hits:        5.8741056280e+10    
Total reads:             4.9065033152e+10    
Total writes:            1.3006257930e+10    

=================RESULTS================
Correct predictions:     3.0517541790e+09    
Total predictions:       3.3302348020e+09    
Coverage:                91.64               
