===============PARAMETERS===============
Cache size:              32768               
Set size:                16                  
History size             1                   
Range size               8                   

==================LOGS==================
Total fetches            6.2071291122e+10    
Unique addresses:        1.1234163000e+07    
Max write count:         55136               
Average write count:     21                  
WB due to write op:      2.3693161900e+08    
WB due to wcHH:          3.0836718270e+09    
Total WB to MM:          3.3206034460e+09    
Total cache misses:      3.3206362140e+09    
Total cache hits:        5.8750654908e+10    
Total reads:             4.9065033199e+10    
Total writes:            1.3006257923e+10    

=================RESULTS================
Correct predictions:     3.0141712560e+09    
Total predictions:       3.3206362140e+09    
Coverage:                90.77               
