===============PARAMETERS===============
Cache size:              32768               
Set size:                16                  
History size             4                   
Range size               16                  

==================LOGS==================
Total fetches            6.2696408762e+10    
Unique addresses:        3.7054230000e+06    
Max write count:         19900               
Average write count:     152                 
WB due to write op:      5.6396079900e+08    
WB due to wcHH:          6.3474544000e+07    
Total WB to MM:          6.2743534300e+08    
Total cache misses:      1.1988530590e+09    
Total cache hits:        6.1497555703e+10    
Total reads:             4.0473699356e+10    
Total writes:            2.2222709406e+10    

=================RESULTS================
Correct predictions:     7.7369689300e+08    
Total predictions:       1.1988530590e+09    
Coverage:                64.54               
