===============PARAMETERS===============
Cache size:              32768               
Set size:                16                  
History size             1                   
Range size               16                  

==================LOGS==================
Total fetches            6.2696410027e+10    
Unique addresses:        3.7054160000e+06    
Max write count:         18186               
Average write count:     152                 
WB due to write op:      5.6391639200e+08    
WB due to wcHH:          6.3472551000e+07    
Total WB to MM:          6.2738894300e+08    
Total cache misses:      1.1988138960e+09    
Total cache hits:        6.1497596131e+10    
Total reads:             4.0473707535e+10    
Total writes:            2.2222702492e+10    

=================RESULTS================
Correct predictions:     6.6285040000e+08    
Total predictions:       1.1988138960e+09    
Coverage:                55.29               
