===============PARAMETERS===============
Cache size:              32768               
Set size:                16                  
History size             16                  
Range size               1                   

==================LOGS==================
Total fetches            6.2696370169e+10    
Unique addresses:        3.7137050000e+06    
Max write count:         18186               
Average write count:     151                 
WB due to write op:      5.6391925300e+08    
WB due to wcHH:          6.3485104100e+08    
Total WB to MM:          1.1987702940e+09    
Total cache misses:      1.1988030620e+09    
Total cache hits:        6.1497567107e+10    
Total reads:             4.0473657329e+10    
Total writes:            2.2222712840e+10    

=================RESULTS================
Correct predictions:     7.7136465300e+08    
Total predictions:       1.1988030620e+09    
Coverage:                64.34               
