===============PARAMETERS===============
Cache size:              32768               
Set size:                16                  
History size             1                   
Range size               1                   

==================LOGS==================
Total fetches            1.0751027856e+11    
Unique addresses:        2.4154410000e+06    
Max write count:         477                 
Average write count:     7                   
WB due to write op:      1.7093812000e+07    
WB due to wcHH:          0.0000000000e+00    
Total WB to MM:          1.7093812000e+07    
Total cache misses:      6.3974261000e+07    
Total cache hits:        1.0744630430e+11    
Total reads:             8.6841140578e+10    
Total writes:            2.0669137985e+10    

=================RESULTS================
Correct predictions:     5.1368489000e+07    
Total predictions:       6.3974261000e+07    
Coverage:                80.30               
