===============PARAMETERS===============
Cache size:              32768               
Set size:                16                  
History size             1                   
Range size               16                  

==================LOGS==================
Total fetches            1.0750974425e+11    
Unique addresses:        2.4394810000e+06    
Max write count:         397                 
Average write count:     7                   
WB due to write op:      1.7093605000e+07    
WB due to wcHH:          4.6859891000e+07    
Total WB to MM:          6.3953496000e+07    
Total cache misses:      6.3986264000e+07    
Total cache hits:        1.0744575799e+11    
Total reads:             8.6840873422e+10    
Total writes:            2.0668870829e+10    

=================RESULTS================
Correct predictions:     5.5995617000e+07    
Total predictions:       6.3986264000e+07    
Coverage:                87.51               
