===============PARAMETERS===============
Cache size:              32768               
Set size:                16                  
History size             1                   
Range size               16                  

==================LOGS==================
Total fetches            1.0751090314e+11    
Unique addresses:        2.4154410000e+06    
Max write count:         476                 
Average write count:     7                   
WB due to write op:      1.7097377000e+07    
WB due to wcHH:          0.0000000000e+00    
Total WB to MM:          1.7097377000e+07    
Total cache misses:      6.4135412000e+07    
Total cache hits:        1.0744676773e+11    
Total reads:             8.6841452900e+10    
Total writes:            2.0669450242e+10    

=================RESULTS================
Correct predictions:     6.0119542000e+07    
Total predictions:       6.4135412000e+07    
Coverage:                93.74               
