===============PARAMETERS===============
Cache size:              32768               
Set size:                16                  
History size             4                   
Range size               16                  

==================LOGS==================
Total fetches            1.0751169602e+11    
Unique addresses:        2.4154440000e+06    
Max write count:         396                 
Average write count:     7                   
WB due to write op:      1.7095196000e+07    
WB due to wcHH:          0.0000000000e+00    
Total WB to MM:          1.7095196000e+07    
Total cache misses:      6.3942685000e+07    
Total cache hits:        1.0744775333e+11    
Total reads:             8.6841849306e+10    
Total writes:            2.0669846711e+10    

=================RESULTS================
Correct predictions:     6.0949832000e+07    
Total predictions:       6.3942685000e+07    
Coverage:                95.32               
