===============PARAMETERS===============
Cache size:              32768               
Set size:                16                  
History size             4                   
Range size               16                  

==================LOGS==================
Total fetches            1.0751078574e+11    
Unique addresses:        2.4371210000e+06    
Max write count:         481                 
Average write count:     7                   
WB due to write op:      1.7095999000e+07    
WB due to wcHH:          4.7049360000e+06    
Total WB to MM:          2.1800935000e+07    
Total cache misses:      6.4045624000e+07    
Total cache hits:        1.0744674011e+11    
Total reads:             8.6841394041e+10    
Total writes:            2.0669391696e+10    

=================RESULTS================
Correct predictions:     6.0562719000e+07    
Total predictions:       6.4045624000e+07    
Coverage:                94.56               
