===============PARAMETERS===============
Cache size:              32768               
Set size:                16                  
History size             16                  
Range size               1                   

==================LOGS==================
Total fetches            1.0751210783e+11    
Unique addresses:        2.4394820000e+06    
Max write count:         476                 
Average write count:     7                   
WB due to write op:      1.7091391000e+07    
WB due to wcHH:          4.6658671000e+07    
Total WB to MM:          6.3750062000e+07    
Total cache misses:      6.3782830000e+07    
Total cache hits:        1.0744832500e+11    
Total reads:             8.6842055119e+10    
Total writes:            2.0670052709e+10    

=================RESULTS================
Correct predictions:     5.6179259000e+07    
Total predictions:       6.3782830000e+07    
Coverage:                88.08               
