===============PARAMETERS===============
Cache size:              32768               
Set size:                16                  
History size             1                   
Range size               1                   

==================LOGS==================
Total fetches            1.0751087457e+11    
Unique addresses:        2.4394820000e+06    
Max write count:         477                 
Average write count:     7                   
WB due to write op:      1.7092299000e+07    
WB due to wcHH:          4.6677946000e+07    
Total WB to MM:          6.3770245000e+07    
Total cache misses:      6.3803013000e+07    
Total cache hits:        1.0744707156e+11    
Total reads:             8.6841438458e+10    
Total writes:            2.0669436113e+10    

=================RESULTS================
Correct predictions:     4.9998363000e+07    
Total predictions:       6.3803013000e+07    
Coverage:                78.36               
