===============PARAMETERS===============
Cache size:              32768               
Set size:                16                  
History size             1                   
Range size               1                   

==================LOGS==================
Total fetches            1.0750974425e+11    
Unique addresses:        2.4371320000e+06    
Max write count:         395                 
Average write count:     7                   
WB due to write op:      1.7097085000e+07    
WB due to wcHH:          4.6895110000e+06    
Total WB to MM:          2.1786596000e+07    
Total cache misses:      6.4023257000e+07    
Total cache hits:        1.0744572100e+11    
Total reads:             8.6840873425e+10    
Total writes:            2.0668870829e+10    

=================RESULTS================
Correct predictions:     5.1663151000e+07    
Total predictions:       6.4023257000e+07    
Coverage:                80.69               
