===============PARAMETERS===============
Cache size:              32768               
Set size:                16                  
History size             1                   
Range size               8                   

==================LOGS==================
Total fetches            1.0750998803e+11    
Unique addresses:        2.4394810000e+06    
Max write count:         392                 
Average write count:     7                   
WB due to write op:      1.7091385000e+07    
WB due to wcHH:          4.6670597000e+07    
Total WB to MM:          6.3761982000e+07    
Total cache misses:      6.3794750000e+07    
Total cache hits:        1.0744619328e+11    
Total reads:             8.6840995346e+10    
Total writes:            2.0668992688e+10    

=================RESULTS================
Correct predictions:     5.4659042000e+07    
Total predictions:       6.3794750000e+07    
Coverage:                85.68               
