===============PARAMETERS===============
Cache size:              32768               
Set size:                16                  
History size             1                   
Range size               4                   

==================LOGS==================
Total fetches            1.3469102224e+11    
Unique addresses:        1.1269616600e+08    
Max write count:         568                 
Average write count:     11                  
WB due to write op:      1.3047417620e+09    
WB due to wcHH:          3.0969941000e+07    
Total WB to MM:          1.3357117030e+09    
Total cache misses:      1.3357444710e+09    
Total cache hits:        1.3335527777e+11    
Total reads:             8.7940267885e+10    
Total writes:            4.6750754358e+10    

=================RESULTS================
Correct predictions:     1.3124795650e+09    
Total predictions:       1.3357444710e+09    
Coverage:                98.26               
