===============PARAMETERS===============
Cache size:              32768               
Set size:                16                  
History size             1                   
Range size               16                  

==================LOGS==================
Total fetches            1.3469102031e+11    
Unique addresses:        1.1269616500e+08    
Max write count:         559                 
Average write count:     11                  
WB due to write op:      1.3047388390e+09    
WB due to wcHH:          3.0968562000e+07    
Total WB to MM:          1.3357074010e+09    
Total cache misses:      1.3357401690e+09    
Total cache hits:        1.3335528014e+11    
Total reads:             8.7940265953e+10    
Total writes:            4.6750754358e+10    

=================RESULTS================
Correct predictions:     1.3143297230e+09    
Total predictions:       1.3357401690e+09    
Coverage:                98.40               
