===============PARAMETERS===============
Cache size:              32768               
Set size:                16                  
History size             4                   
Range size               16                  

==================LOGS==================
Total fetches            1.3469102084e+11    
Unique addresses:        1.1269064200e+08    
Max write count:         646                 
Average write count:     11                  
WB due to write op:      1.3047419300e+09    
WB due to wcHH:          3.0967040000e+06    
Total WB to MM:          1.3078386340e+09    
Total cache misses:      1.3357428090e+09    
Total cache hits:        1.3335527803e+11    
Total reads:             8.7940266485e+10    
Total writes:            4.6750754358e+10    

=================RESULTS================
Correct predictions:     1.3307095850e+09    
Total predictions:       1.3357428090e+09    
Coverage:                99.62               
