===============PARAMETERS===============
Cache size:              32768               
Set size:                16                  
History size             4                   
Range size               16                  

==================LOGS==================
Total fetches            1.3469102227e+11    
Unique addresses:        1.1269616600e+08    
Max write count:         571                 
Average write count:     11                  
WB due to write op:      1.3047413520e+09    
WB due to wcHH:          3.0969275000e+07    
Total WB to MM:          1.3357106270e+09    
Total cache misses:      1.3357433950e+09    
Total cache hits:        1.3335527888e+11    
Total reads:             8.7940267914e+10    
Total writes:            4.6750754358e+10    

=================RESULTS================
Correct predictions:     1.3295756310e+09    
Total predictions:       1.3357433950e+09    
Coverage:                99.54               
