===============PARAMETERS===============
Cache size:              32768               
Set size:                16                  
History size             1                   
Range size               8                   

==================LOGS==================
Total fetches            1.3469102227e+11    
Unique addresses:        1.1269616700e+08    
Max write count:         564                 
Average write count:     11                  
WB due to write op:      1.3047419750e+09    
WB due to wcHH:          3.0969346000e+07    
Total WB to MM:          1.3357113210e+09    
Total cache misses:      1.3357440890e+09    
Total cache hits:        1.3335527818e+11    
Total reads:             8.7940267914e+10    
Total writes:            4.6750754358e+10    

=================RESULTS================
Correct predictions:     1.3140207030e+09    
Total predictions:       1.3357440890e+09    
Coverage:                98.37               
