===============PARAMETERS===============
Cache size:              32768               
Set size:                16                  
History size             16                  
Range size               1                   

==================LOGS==================
Total fetches            1.3469102243e+11    
Unique addresses:        1.1269617100e+08    
Max write count:         584                 
Average write count:     11                  
WB due to write op:      1.3047415210e+09    
WB due to wcHH:          3.0970092000e+07    
Total WB to MM:          1.3357116130e+09    
Total cache misses:      1.3357443810e+09    
Total cache hits:        1.3335527805e+11    
Total reads:             8.7940268076e+10    
Total writes:            4.6750754358e+10    

=================RESULTS================
Correct predictions:     1.3116227480e+09    
Total predictions:       1.3357443810e+09    
Coverage:                98.19               
