===============PARAMETERS===============
Cache size:              32768               
Set size:                16                  
History size             1                   
Range size               16                  

==================LOGS==================
Total fetches            1.5519312034e+11    
Unique addresses:        3.6643300000e+05    
Max write count:         2312                
Average write count:     157                 
WB due to write op:      5.7587494000e+07    
WB due to wcHH:          5.1031621000e+07    
Total WB to MM:          1.0861911500e+08    
Total cache misses:      1.0865188300e+08    
Total cache hits:        1.5508446846e+11    
Total reads:             1.0798880064e+11    
Total writes:            4.7204319702e+10    

=================RESULTS================
Correct predictions:     6.0399215000e+07    
Total predictions:       1.0865188300e+08    
Coverage:                55.59               
