===============PARAMETERS===============
Cache size:              32768               
Set size:                16                  
History size             4                   
Range size               16                  

==================LOGS==================
Total fetches            1.5519312428e+11    
Unique addresses:        3.8950100000e+05    
Max write count:         2245                
Average write count:     147                 
WB due to write op:      5.7608754000e+07    
WB due to wcHH:          0.0000000000e+00    
Total WB to MM:          5.7608754000e+07    
Total cache misses:      1.0870657200e+08    
Total cache hits:        1.5508441771e+11    
Total reads:             1.0798880143e+11    
Total writes:            4.7204322858e+10    

=================RESULTS================
Correct predictions:     6.2281046000e+07    
Total predictions:       1.0870657200e+08    
Coverage:                57.29               
