===============PARAMETERS===============
Cache size:              32768               
Set size:                16                  
History size             16                  
Range size               1                   

==================LOGS==================
Total fetches            1.5519312549e+11    
Unique addresses:        5.4783500000e+05    
Max write count:         2148                
Average write count:     105                 
WB due to write op:      5.7581609000e+07    
WB due to wcHH:          5.1075340000e+07    
Total WB to MM:          1.0865694900e+08    
Total cache misses:      1.0868971700e+08    
Total cache hits:        1.5508443578e+11    
Total reads:             1.0798880203e+11    
Total writes:            4.7204323462e+10    

=================RESULTS================
Correct predictions:     6.2628471000e+07    
Total predictions:       1.0868971700e+08    
Coverage:                57.62               
