===============PARAMETERS===============
Cache size:              32768               
Set size:                16                  
History size             4                   
Range size               16                  

==================LOGS==================
Total fetches            1.5519312549e+11    
Unique addresses:        3.8502700000e+05    
Max write count:         2168                
Average write count:     149                 
WB due to write op:      5.7620846000e+07    
WB due to wcHH:          5.1070658000e+07    
Total WB to MM:          1.0869150400e+08    
Total cache misses:      1.0872427200e+08    
Total cache hits:        1.5508440122e+11    
Total reads:             1.0798880203e+11    
Total writes:            4.7204323462e+10    

=================RESULTS================
Correct predictions:     6.5958453000e+07    
Total predictions:       1.0872427200e+08    
Coverage:                60.67               
