===============PARAMETERS===============
Cache size:              32768               
Set size:                16                  
History size             1                   
Range size               8                   

==================LOGS==================
Total fetches            1.5519313880e+11    
Unique addresses:        3.6630500000e+05    
Max write count:         2206                
Average write count:     157                 
WB due to write op:      5.7635159000e+07    
WB due to wcHH:          5.1097371000e+07    
Total WB to MM:          1.0873253000e+08    
Total cache misses:      1.0876529800e+08    
Total cache hits:        1.5508437350e+11    
Total reads:             1.0798880869e+11    
Total writes:            4.7204330117e+10    

=================RESULTS================
Correct predictions:     5.9820540000e+07    
Total predictions:       1.0876529800e+08    
Coverage:                55.00               
