===============PARAMETERS===============
Cache size:              32768               
Set size:                16                  
History size             1                   
Range size               16                  

==================LOGS==================
Total fetches            1.5519312097e+11    
Unique addresses:        3.6760400000e+05    
Max write count:         2246                
Average write count:     156                 
WB due to write op:      5.7586284000e+07    
WB due to wcHH:          0.0000000000e+00    
Total WB to MM:          5.7586284000e+07    
Total cache misses:      1.0867079900e+08    
Total cache hits:        1.5508445017e+11    
Total reads:             1.0798880100e+11    
Total writes:            4.7204319978e+10    

=================RESULTS================
Correct predictions:     5.7592203000e+07    
Total predictions:       1.0867079900e+08    
Coverage:                53.00               
