===============PARAMETERS===============
Cache size:              32768               
Set size:                16                  
History size             10                  
Range size               1                   

==================LOGS==================
Total fetches            3.3944083790e+10    
Unique addresses:        1.3888907000e+07    
Max write count:         3306                
Average write count:     6                   
WB due to write op:      8.3900169000e+07    
WB due to wcHH:          2.2241559820e+09    
Total WB to MM:          2.3080561510e+09    
Total cache misses:      2.3080889190e+09    
Total cache hits:        3.1635994871e+10    
Total reads:             2.4888878913e+10    
Total writes:            9.0552048770e+09    

=================RESULTS================
Correct predictions:     1.9131237940e+09    
Total predictions:       2.3080889190e+09    
Coverage:                82.89               
