===============PARAMETERS===============
Cache size:              32768               
Set size:                16                  
History size             1                   
Range size               10                  

==================LOGS==================
Total fetches            3.9578699981e+11    
Unique addresses:        2.9791612000e+07    
Max write count:         401860              
Average write count:     2                   
WB due to write op:      8.3450307000e+07    
WB due to wcHH:          9.1243478000e+08    
Total WB to MM:          9.9588508700e+08    
Total cache misses:      9.9606009500e+08    
Total cache hits:        3.9479093971e+11    
Total reads:             2.9081887872e+11    
Total writes:            1.0496812109e+11    

=================RESULTS================
Correct predictions:     9.0347353100e+08    
Total predictions:       9.9606009500e+08    
Coverage:                90.70               
