===============PARAMETERS===============
Cache size:              32768               
Set size:                16                  
History size             1                   
Range size               10                  

==================LOGS==================
Total fetches            4.8717694076e+11    
Unique addresses:        1.7498380000e+06    
Max write count:         11551               
Average write count:     38                  
WB due to write op:      6.8135150000e+07    
WB due to wcHH:          1.5304534802e+10    
Total WB to MM:          1.5372669952e+10    
Total cache misses:      1.5372702720e+10    
Total cache hits:        4.7180423804e+11    
Total reads:             4.6932982327e+11    
Total writes:            1.7847117488e+10    

=================RESULTS================
Correct predictions:     1.3698018650e+10    
Total predictions:       1.5372702720e+10    
Coverage:                89.11               
